[ 09.12.12 10:43:22.046] [main] INFO  org.codehaus.groovy.grails.commons.spring.GrailsWebApplicationContext  - Refreshing org.codehaus.groovy.grails.commons.spring.GrailsWebApplicationContext@664ae259: display name [org.codehaus.groovy.grails.commons.spring.GrailsWebApplicationContext@664ae259]; startup date [Sun Dec 09 10:43:22 MST 2012]; parent: org.springframework.web.context.support.XmlWebApplicationContext@4b3d0493
[ 09.12.12 10:43:22.048] [main] INFO  org.codehaus.groovy.grails.commons.spring.GrailsWebApplicationContext  - Bean factory for application context [org.codehaus.groovy.grails.commons.spring.GrailsWebApplicationContext@664ae259]: org.springframework.beans.factory.support.DefaultListableBeanFactory@1574409e
[ 09.12.12 10:51:19.070] [qtp0-0] TRACE grails.app.controller.WorkoutController  - Executing action list with params ["action":"list", "controller":"workout"]
[ 09.12.12 10:51:19.078] [qtp0-0] TRACE grails.app.controller.WorkoutController  - Executing action list with session Session Content:
  SPRING_SECURITY_LAST_EXCEPTION = org.springframework.security.BadCredentialsException: Bad credentials
  SPRING_SECURITY_LAST_USERNAME = ed
  SPRING_SECURITY_CONTEXT = org.springframework.security.context.SecurityContextImpl@828d624d: Authentication: org.springframework.security.providers.UsernamePasswordAuthenticationToken@828d624d: Principal: org.codehaus.groovy.grails.plugins.springsecurity.GrailsUserImpl@0: Username: ed; Password: [PROTECTED]; Enabled: true; AccountNonExpired: true; credentialsNonExpired: true; AccountNonLocked: true; Granted Authorities: ROLE_ATHLETE, ROLE_COACH; Password: [PROTECTED]; Authenticated: true; Details: org.springframework.security.ui.WebAuthenticationDetails@0: RemoteIpAddress: 127.0.0.1; SessionId: 1c54ejf7bzfwx; Granted Authorities: ROLE_ATHLETE, ROLE_COACH
  org.codehaus.groovy.grails.FLASH_SCOPE = org.codehaus.groovy.grails.web.servlet.GrailsFlashScope@7eaf8890

[ 09.12.12 10:51:19.197] [qtp0-0] ERROR org.codehaus.groovy.grails.web.errors.GrailsExceptionResolver  - org.springframework.dao.InvalidDataAccessResourceUsageException: could not execute query; nested exception is org.hibernate.exception.SQLGrammarException: could not execute query
org.codehaus.groovy.runtime.InvokerInvocationException: org.springframework.dao.InvalidDataAccessResourceUsageException: could not execute query; nested exception is org.hibernate.exception.SQLGrammarException: could not execute query
	at org.codehaus.groovy.reflection.CachedMethod.invoke(CachedMethod.java:92)
	at groovy.lang.MetaMethod.doMethodInvoke(MetaMethod.java:230)
	at groovy.lang.MetaClassImpl.invokeMethod(MetaClassImpl.java:912)
	at groovy.lang.ExpandoMetaClass.invokeMethod(ExpandoMetaClass.java:946)
	at groovy.lang.MetaClassImpl.invokeMethod(MetaClassImpl.java:756)
	at groovy.lang.Closure.call(Closure.java:292)
	at groovy.lang.Closure.call(Closure.java:287)
	at org.codehaus.groovy.grails.web.servlet.mvc.SimpleGrailsControllerHelper.handleAction(SimpleGrailsControllerHelper.java:507)
	at org.codehaus.groovy.grails.web.servlet.mvc.SimpleGrailsControllerHelper.executeAction(SimpleGrailsControllerHelper.java:398)
	at org.codehaus.groovy.grails.web.servlet.mvc.SimpleGrailsControllerHelper.handleURI(SimpleGrailsControllerHelper.java:233)
	at org.codehaus.groovy.grails.web.servlet.mvc.SimpleGrailsControllerHelper.handleURI(SimpleGrailsControllerHelper.java:154)
	at org.codehaus.groovy.grails.web.servlet.mvc.SimpleGrailsController.handleRequest(SimpleGrailsController.java:88)
	at org.springframework.web.servlet.mvc.SimpleControllerHandlerAdapter.handle(SimpleControllerHandlerAdapter.java:48)
	at org.codehaus.groovy.grails.web.servlet.GrailsDispatcherServlet.doDispatch(GrailsDispatcherServlet.java:261)
	at org.springframework.web.servlet.DispatcherServlet.doService(DispatcherServlet.java:807)
	at org.springframework.web.servlet.FrameworkServlet.processRequest(FrameworkServlet.java:571)
	at org.springframework.web.servlet.FrameworkServlet.doGet(FrameworkServlet.java:501)
	at javax.servlet.http.HttpServlet.service(HttpServlet.java:707)
	at javax.servlet.http.HttpServlet.service(HttpServlet.java:820)
	at org.mortbay.jetty.servlet.ServletHolder.handle(ServletHolder.java:502)
	at org.mortbay.jetty.servlet.ServletHandler.handle(ServletHandler.java:363)
	at org.mortbay.jetty.security.SecurityHandler.handle(SecurityHandler.java:216)
	at org.mortbay.jetty.servlet.SessionHandler.handle(SessionHandler.java:181)
	at org.mortbay.jetty.handler.ContextHandler.handle(ContextHandler.java:766)
	at org.mortbay.jetty.webapp.WebAppContext.handle(WebAppContext.java:417)
	at org.mortbay.jetty.servlet.Dispatcher.forward(Dispatcher.java:334)
	at org.mortbay.jetty.servlet.Dispatcher.forward(Dispatcher.java:126)
	at org.codehaus.groovy.grails.web.util.WebUtils.forwardRequestForUrlMappingInfo(WebUtils.java:207)
	at org.codehaus.groovy.grails.web.util.WebUtils.forwardRequestForUrlMappingInfo(WebUtils.java:196)
	at org.codehaus.groovy.grails.web.mapping.filter.UrlMappingsFilter.doFilterInternal(UrlMappingsFilter.java:129)
	at org.springframework.web.filter.OncePerRequestFilter.doFilter(OncePerRequestFilter.java:76)
	at org.mortbay.jetty.servlet.ServletHandler$CachedChain.doFilter(ServletHandler.java:1115)
	at org.codehaus.groovy.grails.web.sitemesh.GrailsPageFilter.parsePage(GrailsPageFilter.java:122)
	at org.codehaus.groovy.grails.web.sitemesh.GrailsPageFilter.doFilter(GrailsPageFilter.java:85)
	at org.mortbay.jetty.servlet.ServletHandler$CachedChain.doFilter(ServletHandler.java:1115)
	at org.springframework.security.util.FilterChainProxy$VirtualFilterChain.doFilter(FilterChainProxy.java:378)
	at org.springframework.security.intercept.web.FilterSecurityInterceptor.invoke(FilterSecurityInterceptor.java:109)
	at org.springframework.security.intercept.web.FilterSecurityInterceptor.doFilter(FilterSecurityInterceptor.java:83)
	at org.springframework.security.util.FilterChainProxy$VirtualFilterChain.doFilter(FilterChainProxy.java:390)
	at org.springframework.security.ui.ExceptionTranslationFilter.doFilterHttp(ExceptionTranslationFilter.java:101)
	at org.springframework.security.ui.SpringSecurityFilter.doFilter(SpringSecurityFilter.java:53)
	at org.springframework.security.util.FilterChainProxy$VirtualFilterChain.doFilter(FilterChainProxy.java:390)
	at org.springframework.security.providers.anonymous.AnonymousProcessingFilter.doFilterHttp(AnonymousProcessingFilter.java:105)
	at org.springframework.security.ui.SpringSecurityFilter.doFilter(SpringSecurityFilter.java:53)
	at org.springframework.security.util.FilterChainProxy$VirtualFilterChain.doFilter(FilterChainProxy.java:390)
	at org.springframework.security.ui.rememberme.RememberMeProcessingFilter.doFilterHttp(RememberMeProcessingFilter.java:116)
	at org.springframework.security.ui.SpringSecurityFilter.doFilter(SpringSecurityFilter.java:53)
	at org.springframework.security.util.FilterChainProxy$VirtualFilterChain.doFilter(FilterChainProxy.java:390)
	at org.springframework.security.wrapper.SecurityContextHolderAwareRequestFilter.doFilterHttp(SecurityContextHolderAwareRequestFilter.java:91)
	at org.springframework.security.ui.SpringSecurityFilter.doFilter(SpringSecurityFilter.java:53)
	at org.springframework.security.util.FilterChainProxy$VirtualFilterChain.doFilter(FilterChainProxy.java:390)
	at org.springframework.security.ui.AbstractProcessingFilter.doFilterHttp(AbstractProcessingFilter.java:277)
	at org.codehaus.groovy.grails.plugins.springsecurity.GrailsAuthenticationProcessingFilter.super$3$doFilterHttp(GrailsAuthenticationProcessingFilter.groovy)
	at sun.reflect.GeneratedMethodAccessor436.invoke(Unknown Source)
	at sun.reflect.DelegatingMethodAccessorImpl.invoke(DelegatingMethodAccessorImpl.java:25)
	at java.lang.reflect.Method.invoke(Method.java:597)
	at org.codehaus.groovy.reflection.CachedMethod.invoke(CachedMethod.java:86)
	at groovy.lang.MetaMethod.doMethodInvoke(MetaMethod.java:230)
	at groovy.lang.MetaClassImpl.invokeMethod(MetaClassImpl.java:912)
	at groovy.lang.ExpandoMetaClass.invokeMethod(ExpandoMetaClass.java:946)
	at org.codehaus.groovy.runtime.ScriptBytecodeAdapter.invokeMethodOnSuperN(ScriptBytecodeAdapter.java:131)
	at org.codehaus.groovy.grails.plugins.springsecurity.GrailsAuthenticationProcessingFilter.doFilterHttp(GrailsAuthenticationProcessingFilter.groovy:56)
	at org.springframework.security.ui.SpringSecurityFilter.doFilter(SpringSecurityFilter.java:53)
	at org.springframework.security.util.FilterChainProxy$VirtualFilterChain.doFilter(FilterChainProxy.java:390)
	at org.springframework.security.ui.logout.LogoutFilter.doFilterHttp(LogoutFilter.java:89)
	at org.springframework.security.ui.SpringSecurityFilter.doFilter(SpringSecurityFilter.java:53)
	at org.springframework.security.util.FilterChainProxy$VirtualFilterChain.doFilter(FilterChainProxy.java:390)
	at org.springframework.security.context.HttpSessionContextIntegrationFilter.doFilterHttp(HttpSessionContextIntegrationFilter.java:235)
	at org.springframework.security.ui.SpringSecurityFilter.doFilter(SpringSecurityFilter.java:53)
	at org.springframework.security.util.FilterChainProxy$VirtualFilterChain.doFilter(FilterChainProxy.java:390)
	at org.springframework.security.util.FilterChainProxy.doFilter(FilterChainProxy.java:175)
	at org.springframework.web.filter.DelegatingFilterProxy.invokeDelegate(DelegatingFilterProxy.java:236)
	at org.springframework.web.filter.DelegatingFilterProxy.doFilter(DelegatingFilterProxy.java:167)
	at org.mortbay.jetty.servlet.ServletHandler$CachedChain.doFilter(ServletHandler.java:1115)
	at org.codehaus.groovy.grails.web.servlet.filter.GrailsReloadServletFilter.doFilterInternal(GrailsReloadServletFilter.java:101)
	at org.springframework.web.filter.OncePerRequestFilter.doFilter(OncePerRequestFilter.java:76)
	at org.mortbay.jetty.servlet.ServletHandler$CachedChain.doFilter(ServletHandler.java:1115)
	at org.codehaus.groovy.grails.web.servlet.mvc.GrailsWebRequestFilter.doFilterInternal(GrailsWebRequestFilter.java:65)
	at org.springframework.web.filter.OncePerRequestFilter.doFilter(OncePerRequestFilter.java:76)
	at org.mortbay.jetty.servlet.ServletHandler$CachedChain.doFilter(ServletHandler.java:1115)
	at org.springframework.web.filter.CharacterEncodingFilter.doFilterInternal(CharacterEncodingFilter.java:96)
	at org.springframework.web.filter.OncePerRequestFilter.doFilter(OncePerRequestFilter.java:76)
	at org.springframework.web.filter.DelegatingFilterProxy.invokeDelegate(DelegatingFilterProxy.java:236)
	at org.springframework.web.filter.DelegatingFilterProxy.doFilter(DelegatingFilterProxy.java:167)
	at org.mortbay.jetty.servlet.ServletHandler$CachedChain.doFilter(ServletHandler.java:1115)
	at org.mortbay.jetty.servlet.ServletHandler.handle(ServletHandler.java:361)
	at org.mortbay.jetty.security.SecurityHandler.handle(SecurityHandler.java:216)
	at org.mortbay.jetty.servlet.SessionHandler.handle(SessionHandler.java:181)
	at org.mortbay.jetty.handler.ContextHandler.handle(ContextHandler.java:766)
	at org.mortbay.jetty.webapp.WebAppContext.handle(WebAppContext.java:417)
	at org.mortbay.jetty.handler.HandlerWrapper.handle(HandlerWrapper.java:152)
	at org.mortbay.jetty.Server.handle(Server.java:324)
	at org.mortbay.jetty.HttpConnection.handleRequest(HttpConnection.java:534)
	at org.mortbay.jetty.HttpConnection$RequestHandler.headerComplete(HttpConnection.java:864)
	at org.mortbay.jetty.HttpParser.parseNext(HttpParser.java:533)
	at org.mortbay.jetty.HttpParser.parseAvailable(HttpParser.java:207)
	at org.mortbay.jetty.HttpConnection.handle(HttpConnection.java:403)
	at org.mortbay.io.nio.SelectChannelEndPoint.run(SelectChannelEndPoint.java:409)
	at org.mortbay.thread.QueuedThreadPool$PoolThread.run(QueuedThreadPool.java:522)
Caused by: org.springframework.dao.InvalidDataAccessResourceUsageException: could not execute query; nested exception is org.hibernate.exception.SQLGrammarException: could not execute query
	at WorkoutController$_closure2.doCall(WorkoutController.groovy:17)
	at WorkoutController$_closure2.doCall(WorkoutController.groovy)
Caused by: org.hibernate.exception.SQLGrammarException: could not execute query
	... 2 more
Caused by: com.mysql.jdbc.exceptions.MySQLSyntaxErrorException: Unknown column 'this_.calories' in 'field list'
	at com.mysql.jdbc.SQLError.createSQLException(SQLError.java:936)
	at com.mysql.jdbc.MysqlIO.checkErrorPacket(MysqlIO.java:2985)
	at com.mysql.jdbc.MysqlIO.sendCommand(MysqlIO.java:1631)
	at com.mysql.jdbc.MysqlIO.sqlQueryDirect(MysqlIO.java:1723)
	at com.mysql.jdbc.Connection.execSQL(Connection.java:3256)
	at com.mysql.jdbc.PreparedStatement.executeInternal(PreparedStatement.java:1313)
	at com.mysql.jdbc.PreparedStatement.executeQuery(PreparedStatement.java:1448)
	... 2 more
[ 09.12.12 10:52:15.221] [main] INFO  org.codehaus.groovy.grails.commons.spring.GrailsWebApplicationContext  - Refreshing org.codehaus.groovy.grails.commons.spring.GrailsWebApplicationContext@1ad044c6: display name [org.codehaus.groovy.grails.commons.spring.GrailsWebApplicationContext@1ad044c6]; startup date [Sun Dec 09 10:52:15 MST 2012]; parent: org.springframework.web.context.support.XmlWebApplicationContext@1f31cd12
[ 09.12.12 10:52:15.223] [main] INFO  org.codehaus.groovy.grails.commons.spring.GrailsWebApplicationContext  - Bean factory for application context [org.codehaus.groovy.grails.commons.spring.GrailsWebApplicationContext@1ad044c6]: org.springframework.beans.factory.support.DefaultListableBeanFactory@6199ffdd
[ 09.12.12 10:56:00.870] [main] INFO  org.codehaus.groovy.grails.commons.spring.GrailsWebApplicationContext  - Refreshing org.codehaus.groovy.grails.commons.spring.GrailsWebApplicationContext@6f0cdf59: display name [org.codehaus.groovy.grails.commons.spring.GrailsWebApplicationContext@6f0cdf59]; startup date [Sun Dec 09 10:56:00 MST 2012]; parent: org.springframework.web.context.support.XmlWebApplicationContext@22b1656f
[ 09.12.12 10:56:00.872] [main] INFO  org.codehaus.groovy.grails.commons.spring.GrailsWebApplicationContext  - Bean factory for application context [org.codehaus.groovy.grails.commons.spring.GrailsWebApplicationContext@6f0cdf59]: org.springframework.beans.factory.support.DefaultListableBeanFactory@3d03f309
[ 09.12.12 10:56:21.475] [qtp0-0] ERROR org.codehaus.groovy.grails.plugins.springsecurity.GrailsDaoImpl  - User [admin] has no GrantedAuthority
[ 09.12.12 10:59:31.302] [qtp0-4] ERROR org.codehaus.groovy.grails.plugins.springsecurity.GrailsDaoImpl  - User [admin] has no GrantedAuthority
[ 09.12.12 11:01:05.691] [qtp0-4] ERROR org.codehaus.groovy.grails.plugins.springsecurity.GrailsDaoImpl  - User [admin] has no GrantedAuthority
[ 09.12.12 11:03:33.778] [main] INFO  org.codehaus.groovy.grails.commons.spring.GrailsWebApplicationContext  - Refreshing org.codehaus.groovy.grails.commons.spring.GrailsWebApplicationContext@895772a: display name [org.codehaus.groovy.grails.commons.spring.GrailsWebApplicationContext@895772a]; startup date [Sun Dec 09 11:03:33 MST 2012]; parent: org.springframework.web.context.support.XmlWebApplicationContext@7286a58a
[ 09.12.12 11:03:33.779] [main] INFO  org.codehaus.groovy.grails.commons.spring.GrailsWebApplicationContext  - Bean factory for application context [org.codehaus.groovy.grails.commons.spring.GrailsWebApplicationContext@895772a]: org.springframework.beans.factory.support.DefaultListableBeanFactory@33ce58c1
[ 09.12.12 11:03:53.250] [qtp0-0] ERROR org.codehaus.groovy.grails.plugins.springsecurity.GrailsDaoImpl  - User [admin] has no GrantedAuthority
[ 09.12.12 11:14:32.070] [main] INFO  org.codehaus.groovy.grails.commons.spring.GrailsWebApplicationContext  - Refreshing org.codehaus.groovy.grails.commons.spring.GrailsWebApplicationContext@67857eeb: display name [org.codehaus.groovy.grails.commons.spring.GrailsWebApplicationContext@67857eeb]; startup date [Sun Dec 09 11:14:32 MST 2012]; parent: org.springframework.web.context.support.XmlWebApplicationContext@566f0962
[ 09.12.12 11:14:32.072] [main] INFO  org.codehaus.groovy.grails.commons.spring.GrailsWebApplicationContext  - Bean factory for application context [org.codehaus.groovy.grails.commons.spring.GrailsWebApplicationContext@67857eeb]: org.springframework.beans.factory.support.DefaultListableBeanFactory@745aec0
[ 09.12.12 11:17:31.476] [main] INFO  org.codehaus.groovy.grails.commons.spring.GrailsWebApplicationContext  - Refreshing org.codehaus.groovy.grails.commons.spring.GrailsWebApplicationContext@30eb9dfa: display name [org.codehaus.groovy.grails.commons.spring.GrailsWebApplicationContext@30eb9dfa]; startup date [Sun Dec 09 11:17:31 MST 2012]; parent: org.springframework.web.context.support.XmlWebApplicationContext@775c024c
[ 09.12.12 11:17:31.478] [main] INFO  org.codehaus.groovy.grails.commons.spring.GrailsWebApplicationContext  - Bean factory for application context [org.codehaus.groovy.grails.commons.spring.GrailsWebApplicationContext@30eb9dfa]: org.springframework.beans.factory.support.DefaultListableBeanFactory@24b2714a
[ 09.12.12 11:21:30.159] [main] INFO  org.codehaus.groovy.grails.commons.spring.GrailsWebApplicationContext  - Closing org.codehaus.groovy.grails.commons.spring.GrailsWebApplicationContext@30eb9dfa: display name [org.codehaus.groovy.grails.commons.spring.GrailsWebApplicationContext@30eb9dfa]; startup date [Sun Dec 09 11:17:31 MST 2012]; parent: org.springframework.web.context.support.XmlWebApplicationContext@775c024c
[ 09.12.12 11:21:39.259] [main] INFO  org.codehaus.groovy.grails.commons.spring.GrailsWebApplicationContext  - Refreshing org.codehaus.groovy.grails.commons.spring.GrailsWebApplicationContext@4ba43077: display name [org.codehaus.groovy.grails.commons.spring.GrailsWebApplicationContext@4ba43077]; startup date [Sun Dec 09 11:21:39 MST 2012]; parent: org.springframework.web.context.support.XmlWebApplicationContext@5c33e2dc
[ 09.12.12 11:21:39.259] [main] INFO  org.codehaus.groovy.grails.commons.spring.GrailsWebApplicationContext  - Bean factory for application context [org.codehaus.groovy.grails.commons.spring.GrailsWebApplicationContext@4ba43077]: org.springframework.beans.factory.support.DefaultListableBeanFactory@6117e6b6
[ 09.12.12 11:23:48.074] [main] INFO  org.codehaus.groovy.grails.commons.spring.GrailsWebApplicationContext  - Refreshing org.codehaus.groovy.grails.commons.spring.GrailsWebApplicationContext@7573a94f: display name [org.codehaus.groovy.grails.commons.spring.GrailsWebApplicationContext@7573a94f]; startup date [Sun Dec 09 11:23:48 MST 2012]; parent: org.springframework.web.context.support.XmlWebApplicationContext@6b66faac
[ 09.12.12 11:23:48.076] [main] INFO  org.codehaus.groovy.grails.commons.spring.GrailsWebApplicationContext  - Bean factory for application context [org.codehaus.groovy.grails.commons.spring.GrailsWebApplicationContext@7573a94f]: org.springframework.beans.factory.support.DefaultListableBeanFactory@2e585fa9
[ 09.12.12 11:26:43.130] [main] INFO  org.codehaus.groovy.grails.commons.spring.GrailsWebApplicationContext  - Refreshing org.codehaus.groovy.grails.commons.spring.GrailsWebApplicationContext@15aec462: display name [org.codehaus.groovy.grails.commons.spring.GrailsWebApplicationContext@15aec462]; startup date [Sun Dec 09 11:26:43 MST 2012]; parent: org.springframework.web.context.support.XmlWebApplicationContext@41e335d7
[ 09.12.12 11:26:43.131] [main] INFO  org.codehaus.groovy.grails.commons.spring.GrailsWebApplicationContext  - Bean factory for application context [org.codehaus.groovy.grails.commons.spring.GrailsWebApplicationContext@15aec462]: org.springframework.beans.factory.support.DefaultListableBeanFactory@a5347c3
[ 09.12.12 11:26:57.749] [qtp0-0] TRACE grails.app.controller.WorkoutController  - Executing action list with params ["action":"list", "controller":"workout"]
[ 09.12.12 11:26:57.769] [qtp0-0] TRACE grails.app.controller.WorkoutController  - Executing action list with session Session Content:

[ 09.12.12 11:26:57.804] [qtp0-0] ERROR org.codehaus.groovy.grails.web.errors.GrailsExceptionResolver  - java.lang.NullPointerException
org.codehaus.groovy.runtime.InvokerInvocationException: java.lang.NullPointerException
	at org.codehaus.groovy.reflection.CachedMethod.invoke(CachedMethod.java:92)
	at groovy.lang.MetaMethod.doMethodInvoke(MetaMethod.java:230)
	at groovy.lang.MetaClassImpl.invokeMethod(MetaClassImpl.java:912)
	at groovy.lang.ExpandoMetaClass.invokeMethod(ExpandoMetaClass.java:946)
	at groovy.lang.MetaClassImpl.invokeMethod(MetaClassImpl.java:756)
	at groovy.lang.Closure.call(Closure.java:292)
	at groovy.lang.Closure.call(Closure.java:287)
	at org.codehaus.groovy.grails.web.servlet.mvc.SimpleGrailsControllerHelper.handleAction(SimpleGrailsControllerHelper.java:507)
	at org.codehaus.groovy.grails.web.servlet.mvc.SimpleGrailsControllerHelper.executeAction(SimpleGrailsControllerHelper.java:398)
	at org.codehaus.groovy.grails.web.servlet.mvc.SimpleGrailsControllerHelper.handleURI(SimpleGrailsControllerHelper.java:233)
	at org.codehaus.groovy.grails.web.servlet.mvc.SimpleGrailsControllerHelper.handleURI(SimpleGrailsControllerHelper.java:154)
	at org.codehaus.groovy.grails.web.servlet.mvc.SimpleGrailsController.handleRequest(SimpleGrailsController.java:88)
	at org.springframework.web.servlet.mvc.SimpleControllerHandlerAdapter.handle(SimpleControllerHandlerAdapter.java:48)
	at org.codehaus.groovy.grails.web.servlet.GrailsDispatcherServlet.doDispatch(GrailsDispatcherServlet.java:261)
	at org.springframework.web.servlet.DispatcherServlet.doService(DispatcherServlet.java:807)
	at org.springframework.web.servlet.FrameworkServlet.processRequest(FrameworkServlet.java:571)
	at org.springframework.web.servlet.FrameworkServlet.doGet(FrameworkServlet.java:501)
	at javax.servlet.http.HttpServlet.service(HttpServlet.java:707)
	at javax.servlet.http.HttpServlet.service(HttpServlet.java:820)
	at org.mortbay.jetty.servlet.ServletHolder.handle(ServletHolder.java:502)
	at org.mortbay.jetty.servlet.ServletHandler.handle(ServletHandler.java:363)
	at org.mortbay.jetty.security.SecurityHandler.handle(SecurityHandler.java:216)
	at org.mortbay.jetty.servlet.SessionHandler.handle(SessionHandler.java:181)
	at org.mortbay.jetty.handler.ContextHandler.handle(ContextHandler.java:766)
	at org.mortbay.jetty.webapp.WebAppContext.handle(WebAppContext.java:417)
	at org.mortbay.jetty.servlet.Dispatcher.forward(Dispatcher.java:334)
	at org.mortbay.jetty.servlet.Dispatcher.forward(Dispatcher.java:126)
	at org.codehaus.groovy.grails.web.util.WebUtils.forwardRequestForUrlMappingInfo(WebUtils.java:207)
	at org.codehaus.groovy.grails.web.util.WebUtils.forwardRequestForUrlMappingInfo(WebUtils.java:196)
	at org.codehaus.groovy.grails.web.mapping.filter.UrlMappingsFilter.doFilterInternal(UrlMappingsFilter.java:129)
	at org.springframework.web.filter.OncePerRequestFilter.doFilter(OncePerRequestFilter.java:76)
	at org.mortbay.jetty.servlet.ServletHandler$CachedChain.doFilter(ServletHandler.java:1115)
	at org.codehaus.groovy.grails.web.sitemesh.GrailsPageFilter.parsePage(GrailsPageFilter.java:122)
	at org.codehaus.groovy.grails.web.sitemesh.GrailsPageFilter.doFilter(GrailsPageFilter.java:85)
	at org.mortbay.jetty.servlet.ServletHandler$CachedChain.doFilter(ServletHandler.java:1115)
	at org.codehaus.groovy.grails.web.servlet.filter.GrailsReloadServletFilter.doFilterInternal(GrailsReloadServletFilter.java:101)
	at org.springframework.web.filter.OncePerRequestFilter.doFilter(OncePerRequestFilter.java:76)
	at org.mortbay.jetty.servlet.ServletHandler$CachedChain.doFilter(ServletHandler.java:1115)
	at org.codehaus.groovy.grails.web.servlet.mvc.GrailsWebRequestFilter.doFilterInternal(GrailsWebRequestFilter.java:65)
	at org.springframework.web.filter.OncePerRequestFilter.doFilter(OncePerRequestFilter.java:76)
	at org.mortbay.jetty.servlet.ServletHandler$CachedChain.doFilter(ServletHandler.java:1115)
	at org.springframework.web.filter.CharacterEncodingFilter.doFilterInternal(CharacterEncodingFilter.java:96)
	at org.springframework.web.filter.OncePerRequestFilter.doFilter(OncePerRequestFilter.java:76)
	at org.springframework.web.filter.DelegatingFilterProxy.invokeDelegate(DelegatingFilterProxy.java:236)
	at org.springframework.web.filter.DelegatingFilterProxy.doFilter(DelegatingFilterProxy.java:167)
	at org.mortbay.jetty.servlet.ServletHandler$CachedChain.doFilter(ServletHandler.java:1115)
	at org.mortbay.jetty.servlet.ServletHandler.handle(ServletHandler.java:361)
	at org.mortbay.jetty.security.SecurityHandler.handle(SecurityHandler.java:216)
	at org.mortbay.jetty.servlet.SessionHandler.handle(SessionHandler.java:181)
	at org.mortbay.jetty.handler.ContextHandler.handle(ContextHandler.java:766)
	at org.mortbay.jetty.webapp.WebAppContext.handle(WebAppContext.java:417)
	at org.mortbay.jetty.handler.HandlerWrapper.handle(HandlerWrapper.java:152)
	at org.mortbay.jetty.Server.handle(Server.java:324)
	at org.mortbay.jetty.HttpConnection.handleRequest(HttpConnection.java:534)
	at org.mortbay.jetty.HttpConnection$RequestHandler.headerComplete(HttpConnection.java:864)
	at org.mortbay.jetty.HttpParser.parseNext(HttpParser.java:533)
	at org.mortbay.jetty.HttpParser.parseAvailable(HttpParser.java:207)
	at org.mortbay.jetty.HttpConnection.handle(HttpConnection.java:403)
	at org.mortbay.io.nio.SelectChannelEndPoint.run(SelectChannelEndPoint.java:409)
	at org.mortbay.thread.QueuedThreadPool$PoolThread.run(QueuedThreadPool.java:522)
Caused by: java.lang.NullPointerException
	at WorkoutController$_closure2.doCall(WorkoutController.groovy:17)
	at WorkoutController$_closure2.doCall(WorkoutController.groovy)
[ 09.12.12 11:27:32.550] [qtp0-2] TRACE grails.app.controller.MealController  - Executing action list with params ["action":"list", "controller":"meal"]
[ 09.12.12 11:27:32.551] [qtp0-2] TRACE grails.app.controller.MealController  - Executing action list with session Session Content:
  org.codehaus.groovy.grails.FLASH_SCOPE = org.codehaus.groovy.grails.web.servlet.GrailsFlashScope@579347e8

[ 09.12.12 11:27:32.551] [qtp0-2] TRACE grails.app.controller.MealController  - AuthenticateService: class org.grails.plugins.springsecurity.service.AuthenticateService.
[ 09.12.12 11:27:32.551] [qtp0-2] DEBUG grails.app.controller.MealController  - about to findByUsername
[ 09.12.12 11:27:32.553] [qtp0-2] ERROR org.codehaus.groovy.grails.web.errors.GrailsExceptionResolver  - java.lang.NullPointerException
org.codehaus.groovy.runtime.InvokerInvocationException: java.lang.NullPointerException
	at org.codehaus.groovy.reflection.CachedMethod.invoke(CachedMethod.java:92)
	at groovy.lang.MetaMethod.doMethodInvoke(MetaMethod.java:230)
	at groovy.lang.MetaClassImpl.invokeMethod(MetaClassImpl.java:912)
	at groovy.lang.ExpandoMetaClass.invokeMethod(ExpandoMetaClass.java:946)
	at groovy.lang.MetaClassImpl.invokeMethod(MetaClassImpl.java:756)
	at groovy.lang.Closure.call(Closure.java:292)
	at groovy.lang.Closure.call(Closure.java:287)
	at org.codehaus.groovy.grails.web.servlet.mvc.SimpleGrailsControllerHelper.handleAction(SimpleGrailsControllerHelper.java:507)
	at org.codehaus.groovy.grails.web.servlet.mvc.SimpleGrailsControllerHelper.executeAction(SimpleGrailsControllerHelper.java:398)
	at org.codehaus.groovy.grails.web.servlet.mvc.SimpleGrailsControllerHelper.handleURI(SimpleGrailsControllerHelper.java:233)
	at org.codehaus.groovy.grails.web.servlet.mvc.SimpleGrailsControllerHelper.handleURI(SimpleGrailsControllerHelper.java:154)
	at org.codehaus.groovy.grails.web.servlet.mvc.SimpleGrailsController.handleRequest(SimpleGrailsController.java:88)
	at org.springframework.web.servlet.mvc.SimpleControllerHandlerAdapter.handle(SimpleControllerHandlerAdapter.java:48)
	at org.codehaus.groovy.grails.web.servlet.GrailsDispatcherServlet.doDispatch(GrailsDispatcherServlet.java:261)
	at org.springframework.web.servlet.DispatcherServlet.doService(DispatcherServlet.java:807)
	at org.springframework.web.servlet.FrameworkServlet.processRequest(FrameworkServlet.java:571)
	at org.springframework.web.servlet.FrameworkServlet.doGet(FrameworkServlet.java:501)
	at javax.servlet.http.HttpServlet.service(HttpServlet.java:707)
	at javax.servlet.http.HttpServlet.service(HttpServlet.java:820)
	at org.mortbay.jetty.servlet.ServletHolder.handle(ServletHolder.java:502)
	at org.mortbay.jetty.servlet.ServletHandler.handle(ServletHandler.java:363)
	at org.mortbay.jetty.security.SecurityHandler.handle(SecurityHandler.java:216)
	at org.mortbay.jetty.servlet.SessionHandler.handle(SessionHandler.java:181)
	at org.mortbay.jetty.handler.ContextHandler.handle(ContextHandler.java:766)
	at org.mortbay.jetty.webapp.WebAppContext.handle(WebAppContext.java:417)
	at org.mortbay.jetty.servlet.Dispatcher.forward(Dispatcher.java:334)
	at org.mortbay.jetty.servlet.Dispatcher.forward(Dispatcher.java:126)
	at org.codehaus.groovy.grails.web.util.WebUtils.forwardRequestForUrlMappingInfo(WebUtils.java:207)
	at org.codehaus.groovy.grails.web.util.WebUtils.forwardRequestForUrlMappingInfo(WebUtils.java:196)
	at org.codehaus.groovy.grails.web.mapping.filter.UrlMappingsFilter.doFilterInternal(UrlMappingsFilter.java:129)
	at org.springframework.web.filter.OncePerRequestFilter.doFilter(OncePerRequestFilter.java:76)
	at org.mortbay.jetty.servlet.ServletHandler$CachedChain.doFilter(ServletHandler.java:1115)
	at org.codehaus.groovy.grails.web.sitemesh.GrailsPageFilter.parsePage(GrailsPageFilter.java:122)
	at org.codehaus.groovy.grails.web.sitemesh.GrailsPageFilter.doFilter(GrailsPageFilter.java:85)
	at org.mortbay.jetty.servlet.ServletHandler$CachedChain.doFilter(ServletHandler.java:1115)
	at org.codehaus.groovy.grails.web.servlet.filter.GrailsReloadServletFilter.doFilterInternal(GrailsReloadServletFilter.java:101)
	at org.springframework.web.filter.OncePerRequestFilter.doFilter(OncePerRequestFilter.java:76)
	at org.mortbay.jetty.servlet.ServletHandler$CachedChain.doFilter(ServletHandler.java:1115)
	at org.codehaus.groovy.grails.web.servlet.mvc.GrailsWebRequestFilter.doFilterInternal(GrailsWebRequestFilter.java:65)
	at org.springframework.web.filter.OncePerRequestFilter.doFilter(OncePerRequestFilter.java:76)
	at org.mortbay.jetty.servlet.ServletHandler$CachedChain.doFilter(ServletHandler.java:1115)
	at org.springframework.web.filter.CharacterEncodingFilter.doFilterInternal(CharacterEncodingFilter.java:96)
	at org.springframework.web.filter.OncePerRequestFilter.doFilter(OncePerRequestFilter.java:76)
	at org.springframework.web.filter.DelegatingFilterProxy.invokeDelegate(DelegatingFilterProxy.java:236)
	at org.springframework.web.filter.DelegatingFilterProxy.doFilter(DelegatingFilterProxy.java:167)
	at org.mortbay.jetty.servlet.ServletHandler$CachedChain.doFilter(ServletHandler.java:1115)
	at org.mortbay.jetty.servlet.ServletHandler.handle(ServletHandler.java:361)
	at org.mortbay.jetty.security.SecurityHandler.handle(SecurityHandler.java:216)
	at org.mortbay.jetty.servlet.SessionHandler.handle(SessionHandler.java:181)
	at org.mortbay.jetty.handler.ContextHandler.handle(ContextHandler.java:766)
	at org.mortbay.jetty.webapp.WebAppContext.handle(WebAppContext.java:417)
	at org.mortbay.jetty.handler.HandlerWrapper.handle(HandlerWrapper.java:152)
	at org.mortbay.jetty.Server.handle(Server.java:324)
	at org.mortbay.jetty.HttpConnection.handleRequest(HttpConnection.java:534)
	at org.mortbay.jetty.HttpConnection$RequestHandler.headerComplete(HttpConnection.java:864)
	at org.mortbay.jetty.HttpParser.parseNext(HttpParser.java:533)
	at org.mortbay.jetty.HttpParser.parseAvailable(HttpParser.java:207)
	at org.mortbay.jetty.HttpConnection.handle(HttpConnection.java:403)
	at org.mortbay.io.nio.SelectChannelEndPoint.run(SelectChannelEndPoint.java:409)
	at org.mortbay.thread.QueuedThreadPool$PoolThread.run(QueuedThreadPool.java:522)
Caused by: java.lang.NullPointerException
	at MealController$_closure2.doCall(MealController.groovy:22)
	at MealController$_closure2.doCall(MealController.groovy)
[ 09.12.12 11:29:05.555] [main] INFO  org.codehaus.groovy.grails.commons.spring.GrailsWebApplicationContext  - Refreshing org.codehaus.groovy.grails.commons.spring.GrailsWebApplicationContext@7d382897: display name [org.codehaus.groovy.grails.commons.spring.GrailsWebApplicationContext@7d382897]; startup date [Sun Dec 09 11:29:05 MST 2012]; parent: org.springframework.web.context.support.XmlWebApplicationContext@1d1d565f
[ 09.12.12 11:29:05.557] [main] INFO  org.codehaus.groovy.grails.commons.spring.GrailsWebApplicationContext  - Bean factory for application context [org.codehaus.groovy.grails.commons.spring.GrailsWebApplicationContext@7d382897]: org.springframework.beans.factory.support.DefaultListableBeanFactory@3f2bc418
[ 09.12.12 11:35:26.620] [main] INFO  org.codehaus.groovy.grails.commons.spring.GrailsWebApplicationContext  - Refreshing org.codehaus.groovy.grails.commons.spring.GrailsWebApplicationContext@39654982: display name [org.codehaus.groovy.grails.commons.spring.GrailsWebApplicationContext@39654982]; startup date [Sun Dec 09 11:35:26 MST 2012]; parent: org.springframework.web.context.support.XmlWebApplicationContext@41616dd6
[ 09.12.12 11:35:26.622] [main] INFO  org.codehaus.groovy.grails.commons.spring.GrailsWebApplicationContext  - Bean factory for application context [org.codehaus.groovy.grails.commons.spring.GrailsWebApplicationContext@39654982]: org.springframework.beans.factory.support.DefaultListableBeanFactory@43bda1e0
[ 09.12.12 11:41:25.906] [main] INFO  org.codehaus.groovy.grails.commons.spring.GrailsWebApplicationContext  - Refreshing org.codehaus.groovy.grails.commons.spring.GrailsWebApplicationContext@6b7536e7: display name [org.codehaus.groovy.grails.commons.spring.GrailsWebApplicationContext@6b7536e7]; startup date [Sun Dec 09 11:41:25 MST 2012]; parent: org.springframework.web.context.support.XmlWebApplicationContext@106258e1
[ 09.12.12 11:41:25.908] [main] INFO  org.codehaus.groovy.grails.commons.spring.GrailsWebApplicationContext  - Bean factory for application context [org.codehaus.groovy.grails.commons.spring.GrailsWebApplicationContext@6b7536e7]: org.springframework.beans.factory.support.DefaultListableBeanFactory@1197886c
[ 09.12.12 11:42:12.014] [qtp0-2] TRACE grails.app.controller.MealController  - Executing action list with params ["action":"list", "controller":"meal"]
[ 09.12.12 11:42:12.016] [qtp0-2] TRACE grails.app.controller.MealController  - Executing action list with session Session Content:
  SPRING_SECURITY_LAST_USERNAME = admin
  SPRING_SECURITY_CONTEXT = org.springframework.security.context.SecurityContextImpl@f6a33ce1: Authentication: org.springframework.security.providers.UsernamePasswordAuthenticationToken@f6a33ce1: Principal: org.codehaus.groovy.grails.plugins.springsecurity.GrailsUserImpl@0: Username: admin; Password: [PROTECTED]; Enabled: true; AccountNonExpired: true; credentialsNonExpired: true; AccountNonLocked: true; Granted Authorities: ROLE_COACH; Password: [PROTECTED]; Authenticated: true; Details: org.springframework.security.ui.WebAuthenticationDetails@1c07a: RemoteIpAddress: 127.0.0.1; SessionId: tr1f8c2rkbxp; Granted Authorities: ROLE_COACH
  org.codehaus.groovy.grails.FLASH_SCOPE = org.codehaus.groovy.grails.web.servlet.GrailsFlashScope@73155948

[ 09.12.12 11:42:12.017] [qtp0-2] TRACE grails.app.controller.MealController  - AuthenticateService: class org.grails.plugins.springsecurity.service.AuthenticateService.
[ 09.12.12 11:42:12.017] [qtp0-2] DEBUG grails.app.controller.MealController  - about to findByUsername
[ 09.12.12 11:42:12.017] [qtp0-2] DEBUG grails.app.controller.MealController  - name: admin
[ 09.12.12 11:42:19.642] [qtp0-2] TRACE grails.app.controller.MealController  - Executing action create with params ["action":"create", "controller":"meal"]
[ 09.12.12 11:42:19.643] [qtp0-2] TRACE grails.app.controller.MealController  - Executing action create with session Session Content:
  SPRING_SECURITY_LAST_USERNAME = admin
  SPRING_SECURITY_CONTEXT = org.springframework.security.context.SecurityContextImpl@f6a33ce1: Authentication: org.springframework.security.providers.UsernamePasswordAuthenticationToken@f6a33ce1: Principal: org.codehaus.groovy.grails.plugins.springsecurity.GrailsUserImpl@0: Username: admin; Password: [PROTECTED]; Enabled: true; AccountNonExpired: true; credentialsNonExpired: true; AccountNonLocked: true; Granted Authorities: ROLE_COACH; Password: [PROTECTED]; Authenticated: true; Details: org.springframework.security.ui.WebAuthenticationDetails@1c07a: RemoteIpAddress: 127.0.0.1; SessionId: tr1f8c2rkbxp; Granted Authorities: ROLE_COACH
  org.codehaus.groovy.grails.FLASH_SCOPE = org.codehaus.groovy.grails.web.servlet.GrailsFlashScope@73155948

[ 09.12.12 11:42:19.657] [qtp0-2] TRACE grails.app.controller.MealController  - username is: admin
[ 09.12.12 11:42:39.640] [qtp0-5] TRACE grails.app.controller.MealController  - Executing action save with params ["date_day":"9", "date_minute":"42", "animation":"", "date_hour":"11", "description":"Click here to enter description", "name":"breakfast", "action":"save", "date_year":"2012", "controller":"meal", "date_month":"12", "date":"struct", "cost":""]
[ 09.12.12 11:42:39.648] [qtp0-5] TRACE grails.app.controller.MealController  - username is: admin
[ 09.12.12 11:42:39.664] [qtp0-5] DEBUG grails.app.controller.MealController  - meal: Meal 
 name: breakfast, 
 date: Sun Dec 09 11:42:00 MST 2012, 
 desc: Click here to enter description
[ 09.12.12 11:42:39.694] [qtp0-5] TRACE grails.app.controller.MealController  - Executing action show with params  : ["id":"1", "action":"show", "controller":"meal"]
[ 09.12.12 11:42:39.695] [qtp0-5] TRACE grails.app.controller.MealController  - Executing action show with session : Session Content:
  SPRING_SECURITY_LAST_USERNAME = admin
  SPRING_SECURITY_CONTEXT = org.springframework.security.context.SecurityContextImpl@f6a33ce1: Authentication: org.springframework.security.providers.UsernamePasswordAuthenticationToken@f6a33ce1: Principal: org.codehaus.groovy.grails.plugins.springsecurity.GrailsUserImpl@0: Username: admin; Password: [PROTECTED]; Enabled: true; AccountNonExpired: true; credentialsNonExpired: true; AccountNonLocked: true; Granted Authorities: ROLE_COACH; Password: [PROTECTED]; Authenticated: true; Details: org.springframework.security.ui.WebAuthenticationDetails@1c07a: RemoteIpAddress: 127.0.0.1; SessionId: tr1f8c2rkbxp; Granted Authorities: ROLE_COACH
  org.codehaus.groovy.grails.FLASH_SCOPE = org.codehaus.groovy.grails.web.servlet.GrailsFlashScope@73155948

[ 09.12.12 11:42:39.695] [qtp0-5] TRACE grails.app.controller.MealController  - Executing action show with flash   : ["message":Meal 1 created]
[ 09.12.12 11:42:43.617] [qtp0-6] TRACE grails.app.controller.FoodController  - Executing action create with params ["action":"create", "controller":"food"]
[ 09.12.12 11:42:43.618] [qtp0-6] TRACE grails.app.controller.FoodController  - Executing action create with flash [:]
[ 09.12.12 11:42:51.755] [qtp0-6] TRACE grails.app.controller.FoodController  - Executing action searchAJAX with params ["query":"c", "action":"searchAJAX", "controller":"food"]
[ 09.12.12 11:42:51.943] [qtp0-6] TRACE grails.app.controller.FoodController  - Executing action searchAJAX with params ["query":"ce", "action":"searchAJAX", "controller":"food"]
[ 09.12.12 11:42:52.108] [qtp0-6] TRACE grails.app.controller.FoodController  - Executing action searchAJAX with params ["query":"cer", "action":"searchAJAX", "controller":"food"]
[ 09.12.12 11:42:52.298] [qtp0-6] TRACE grails.app.controller.FoodController  - Executing action searchAJAX with params ["query":"cere", "action":"searchAJAX", "controller":"food"]
[ 09.12.12 11:42:52.487] [qtp0-6] TRACE grails.app.controller.FoodController  - Executing action searchAJAX with params ["query":"cerea", "action":"searchAJAX", "controller":"food"]
[ 09.12.12 11:42:52.767] [qtp0-6] TRACE grails.app.controller.FoodController  - Executing action searchAJAX with params ["query":"cereal", "action":"searchAJAX", "controller":"food"]
[ 09.12.12 11:42:56.450] [qtp0-6] TRACE grails.app.controller.FoodController  - Executing action save with params ["animation":"", "description":"Click here to enter description", "name":"cereal", "action":"save", "controller":"food", "cost":""]
[ 09.12.12 11:42:56.488] [qtp0-6] TRACE grails.app.controller.FoodController  - Executing action show with params ["id":"1", "action":"show", "controller":"food"]
[ 09.12.12 11:43:17.844] [qtp0-6] TRACE grails.app.controller.MealController  - Executing action addFoodTo with params ["action":"addFoodTo", "controller":"meal"]
[ 09.12.12 11:43:17.844] [qtp0-6] TRACE grails.app.controller.MealController  - session: Session Content:
  SPRING_SECURITY_LAST_USERNAME = admin
  SPRING_SECURITY_CONTEXT = org.springframework.security.context.SecurityContextImpl@f6a33ce1: Authentication: org.springframework.security.providers.UsernamePasswordAuthenticationToken@f6a33ce1: Principal: org.codehaus.groovy.grails.plugins.springsecurity.GrailsUserImpl@0: Username: admin; Password: [PROTECTED]; Enabled: true; AccountNonExpired: true; credentialsNonExpired: true; AccountNonLocked: true; Granted Authorities: ROLE_COACH; Password: [PROTECTED]; Authenticated: true; Details: org.springframework.security.ui.WebAuthenticationDetails@1c07a: RemoteIpAddress: 127.0.0.1; SessionId: tr1f8c2rkbxp; Granted Authorities: ROLE_COACH
  org.codehaus.groovy.grails.FLASH_SCOPE = org.codehaus.groovy.grails.web.servlet.GrailsFlashScope@73155948
  meal = Meal 
 name: breakfast, 
 date: 2012-12-09 11:42:00.0, 
 desc: Click here to enter description

[ 09.12.12 11:43:17.846] [qtp0-6] TRACE grails.app.controller.MealController  - flash: ["org.codehaus.groovy.grails.ERRORS_467870275":org.springframework.validation.BeanPropertyBindingResult: 0 errors, "food":Food 
 name: cereal, 
 desc: Click here to enter description]
[ 09.12.12 11:43:17.850] [qtp0-6] DEBUG grails.app.controller.MealController  - new foodRef: FoodRef 
 meal: Meal 
 name: breakfast, 
 date: 2012-12-09 11:42:00.0, 
 desc: Click here to enter description 
, food: Food 
 name: cereal, 
 desc: Click here to enter description, 
[ 09.12.12 11:43:17.851] [qtp0-6] DEBUG grails.app.controller.MealController  - adding new food to meal
[ 09.12.12 11:43:17.851] [qtp0-6] DEBUG grails.app.controller.MealController  - added new food to meal
[ 09.12.12 11:43:17.851] [qtp0-6] DEBUG grails.app.controller.MealController  - about to save meal 1...
[ 09.12.12 11:43:17.868] [qtp0-6] TRACE grails.app.controller.MealController  - meal: Meal 
 name: breakfast, 
 date: 2012-12-09 11:42:00.0, 
 desc: Click here to enter description
[ 09.12.12 11:43:17.887] [qtp0-6] TRACE grails.app.controller.MealController  - Executing action show with params  : ["id":"1", "action":"show", "controller":"meal"]
[ 09.12.12 11:43:17.888] [qtp0-6] TRACE grails.app.controller.MealController  - Executing action show with session : Session Content:
  SPRING_SECURITY_LAST_USERNAME = admin
  SPRING_SECURITY_CONTEXT = org.springframework.security.context.SecurityContextImpl@f6a33ce1: Authentication: org.springframework.security.providers.UsernamePasswordAuthenticationToken@f6a33ce1: Principal: org.codehaus.groovy.grails.plugins.springsecurity.GrailsUserImpl@0: Username: admin; Password: [PROTECTED]; Enabled: true; AccountNonExpired: true; credentialsNonExpired: true; AccountNonLocked: true; Granted Authorities: ROLE_COACH; Password: [PROTECTED]; Authenticated: true; Details: org.springframework.security.ui.WebAuthenticationDetails@1c07a: RemoteIpAddress: 127.0.0.1; SessionId: tr1f8c2rkbxp; Granted Authorities: ROLE_COACH
  org.codehaus.groovy.grails.FLASH_SCOPE = org.codehaus.groovy.grails.web.servlet.GrailsFlashScope@73155948
  meal = Meal 
 name: breakfast, 
 date: 2012-12-09 11:42:00.0, 
 desc: Click here to enter description

[ 09.12.12 11:43:17.888] [qtp0-6] TRACE grails.app.controller.MealController  - Executing action show with flash   : ["message":Added food cereal to meal breakfast]
[ 09.12.12 12:05:24.350] [main] INFO  org.codehaus.groovy.grails.commons.spring.GrailsWebApplicationContext  - Refreshing org.codehaus.groovy.grails.commons.spring.GrailsWebApplicationContext@2e9f4434: display name [org.codehaus.groovy.grails.commons.spring.GrailsWebApplicationContext@2e9f4434]; startup date [Sun Dec 09 12:05:24 MST 2012]; parent: org.springframework.web.context.support.XmlWebApplicationContext@5d7138f4
[ 09.12.12 12:05:24.351] [main] INFO  org.codehaus.groovy.grails.commons.spring.GrailsWebApplicationContext  - Bean factory for application context [org.codehaus.groovy.grails.commons.spring.GrailsWebApplicationContext@2e9f4434]: org.springframework.beans.factory.support.DefaultListableBeanFactory@ce38207
[ 09.12.12 12:05:52.992] [qtp0-2] TRACE grails.app.controller.MealController  - Executing action list with params ["action":"list", "controller":"meal"]
[ 09.12.12 12:05:52.995] [qtp0-2] TRACE grails.app.controller.MealController  - Executing action list with session Session Content:
  SPRING_SECURITY_LAST_USERNAME = admin
  SPRING_SECURITY_CONTEXT = org.springframework.security.context.SecurityContextImpl@f6a3d667: Authentication: org.springframework.security.providers.UsernamePasswordAuthenticationToken@f6a3d667: Principal: org.codehaus.groovy.grails.plugins.springsecurity.GrailsUserImpl@0: Username: admin; Password: [PROTECTED]; Enabled: true; AccountNonExpired: true; credentialsNonExpired: true; AccountNonLocked: true; Granted Authorities: ROLE_COACH; Password: [PROTECTED]; Authenticated: true; Details: org.springframework.security.ui.WebAuthenticationDetails@12afc: RemoteIpAddress: 127.0.0.1; SessionId: 44k2r8nntlmt; Granted Authorities: ROLE_COACH
  org.codehaus.groovy.grails.FLASH_SCOPE = org.codehaus.groovy.grails.web.servlet.GrailsFlashScope@1c845f64

[ 09.12.12 12:05:52.996] [qtp0-2] TRACE grails.app.controller.MealController  - AuthenticateService: class org.grails.plugins.springsecurity.service.AuthenticateService.
[ 09.12.12 12:05:52.997] [qtp0-2] DEBUG grails.app.controller.MealController  - about to findByUsername
[ 09.12.12 12:05:53.001] [qtp0-2] DEBUG grails.app.controller.MealController  - name: admin
